<?xml version="1.0" encoding="UTF-8"?>
<testng-results ignored="0" total="13" passed="13" failed="0" skipped="0">
  <reporter-output>
  </reporter-output>
  <suite started-at="2021-11-22T15:21:07 GMT+05:30" name="Suite" finished-at="2021-11-22T15:29:52 GMT+05:30" duration-ms="525272">
    <groups>
      <group name="cucumber">
        <method signature="AbstractTestNGCucumberTests.runScenario(io.cucumber.testng.PickleWrapper,io.cucumber.testng.FeatureWrapper)[pri:0, instance:com.mindtree.runner.BigSmall@6392827e]" name="runScenario" class="io.cucumber.testng.AbstractTestNGCucumberTests"/>
      </group> <!-- cucumber -->
    </groups>
    <test started-at="2021-11-22T15:21:07 GMT+05:30" name="Test" finished-at="2021-11-22T15:29:52 GMT+05:30" duration-ms="525272">
      <class name="com.mindtree.runner.BigSmall">
        <test-method is-config="true" signature="setUpClass(org.testng.ITestContext)[pri:0, instance:com.mindtree.runner.BigSmall@6392827e]" started-at="2021-11-22T15:21:07 GMT+05:30" name="setUpClass" finished-at="2021-11-22T15:21:07 GMT+05:30" duration-ms="549" status="PASS">
          <params>
            <param index="0">
              <value>
                <![CDATA[org.testng.TestRunner@2da16263]]>
              </value>
            </param>
          </params>
          <reporter-output>
          </reporter-output>
        </test-method> <!-- setUpClass -->
        <test-method signature="runScenario(io.cucumber.testng.PickleWrapper,io.cucumber.testng.FeatureWrapper)[pri:0, instance:com.mindtree.runner.BigSmall@6392827e]" started-at="2021-11-22T15:21:07 GMT+05:30" name="runScenario" description="Runs Cucumber Scenarios" data-provider="scenarios" finished-at="2021-11-22T15:22:45 GMT+05:30" duration-ms="98008" status="PASS">
          <params>
            <param index="0">
              <value>
                <![CDATA["Opening the Browser and hitting the url"]]>
              </value>
            </param>
            <param index="1">
              <value>
                <![CDATA["Optional[Landing on webpage]"]]>
              </value>
            </param>
          </params>
          <reporter-output>
          </reporter-output>
        </test-method> <!-- runScenario -->
        <test-method signature="runScenario(io.cucumber.testng.PickleWrapper,io.cucumber.testng.FeatureWrapper)[pri:0, instance:com.mindtree.runner.BigSmall@6392827e]" started-at="2021-11-22T15:22:50 GMT+05:30" name="runScenario" description="Runs Cucumber Scenarios" data-provider="scenarios" finished-at="2021-11-22T15:25:19 GMT+05:30" duration-ms="149050" status="PASS">
          <params>
            <param index="0">
              <value>
                <![CDATA["Login with different credentials"]]>
              </value>
            </param>
            <param index="1">
              <value>
                <![CDATA["Optional[Login]"]]>
              </value>
            </param>
          </params>
          <reporter-output>
          </reporter-output>
        </test-method> <!-- runScenario -->
        <test-method signature="runScenario(io.cucumber.testng.PickleWrapper,io.cucumber.testng.FeatureWrapper)[pri:0, instance:com.mindtree.runner.BigSmall@6392827e]" started-at="2021-11-22T15:25:29 GMT+05:30" name="runScenario" description="Runs Cucumber Scenarios" data-provider="scenarios" finished-at="2021-11-22T15:26:11 GMT+05:30" duration-ms="42023" status="PASS">
          <params>
            <param index="0">
              <value>
                <![CDATA["Login with different credentials"]]>
              </value>
            </param>
            <param index="1">
              <value>
                <![CDATA["Optional[Login]"]]>
              </value>
            </param>
          </params>
          <reporter-output>
          </reporter-output>
        </test-method> <!-- runScenario -->
        <test-method signature="runScenario(io.cucumber.testng.PickleWrapper,io.cucumber.testng.FeatureWrapper)[pri:0, instance:com.mindtree.runner.BigSmall@6392827e]" started-at="2021-11-22T15:26:20 GMT+05:30" name="runScenario" description="Runs Cucumber Scenarios" data-provider="scenarios" finished-at="2021-11-22T15:26:38 GMT+05:30" duration-ms="17568" status="PASS">
          <params>
            <param index="0">
              <value>
                <![CDATA["Login with different credentials"]]>
              </value>
            </param>
            <param index="1">
              <value>
                <![CDATA["Optional[Login]"]]>
              </value>
            </param>
          </params>
          <reporter-output>
          </reporter-output>
        </test-method> <!-- runScenario -->
        <test-method signature="runScenario(io.cucumber.testng.PickleWrapper,io.cucumber.testng.FeatureWrapper)[pri:0, instance:com.mindtree.runner.BigSmall@6392827e]" started-at="2021-11-22T15:26:41 GMT+05:30" name="runScenario" description="Runs Cucumber Scenarios" data-provider="scenarios" finished-at="2021-11-22T15:27:04 GMT+05:30" duration-ms="23659" status="PASS">
          <params>
            <param index="0">
              <value>
                <![CDATA["Exploring the Personalized Gift section"]]>
              </value>
            </param>
            <param index="1">
              <value>
                <![CDATA["Optional[Explore]"]]>
              </value>
            </param>
          </params>
          <reporter-output>
          </reporter-output>
        </test-method> <!-- runScenario -->
        <test-method signature="runScenario(io.cucumber.testng.PickleWrapper,io.cucumber.testng.FeatureWrapper)[pri:0, instance:com.mindtree.runner.BigSmall@6392827e]" started-at="2021-11-22T15:27:11 GMT+05:30" name="runScenario" description="Runs Cucumber Scenarios" data-provider="scenarios" finished-at="2021-11-22T15:27:17 GMT+05:30" duration-ms="6281" status="PASS">
          <params>
            <param index="0">
              <value>
                <![CDATA["Exploring by searching a product"]]>
              </value>
            </param>
            <param index="1">
              <value>
                <![CDATA["Optional[Exploring]"]]>
              </value>
            </param>
          </params>
          <reporter-output>
          </reporter-output>
        </test-method> <!-- runScenario -->
        <test-method signature="runScenario(io.cucumber.testng.PickleWrapper,io.cucumber.testng.FeatureWrapper)[pri:0, instance:com.mindtree.runner.BigSmall@6392827e]" started-at="2021-11-22T15:27:24 GMT+05:30" name="runScenario" description="Runs Cucumber Scenarios" data-provider="scenarios" finished-at="2021-11-22T15:28:17 GMT+05:30" duration-ms="53171" status="PASS">
          <params>
            <param index="0">
              <value>
                <![CDATA["Exploring the Christmas Gifts section"]]>
              </value>
            </param>
            <param index="1">
              <value>
                <![CDATA["Optional[Explore]"]]>
              </value>
            </param>
          </params>
          <reporter-output>
          </reporter-output>
        </test-method> <!-- runScenario -->
        <test-method signature="runScenario(io.cucumber.testng.PickleWrapper,io.cucumber.testng.FeatureWrapper)[pri:0, instance:com.mindtree.runner.BigSmall@6392827e]" started-at="2021-11-22T15:28:23 GMT+05:30" name="runScenario" description="Runs Cucumber Scenarios" data-provider="scenarios" finished-at="2021-11-22T15:28:39 GMT+05:30" duration-ms="16469" status="PASS">
          <params>
            <param index="0">
              <value>
                <![CDATA["Exploring the Shop By Category section"]]>
              </value>
            </param>
            <param index="1">
              <value>
                <![CDATA["Optional[Explore]"]]>
              </value>
            </param>
          </params>
          <reporter-output>
          </reporter-output>
        </test-method> <!-- runScenario -->
        <test-method signature="runScenario(io.cucumber.testng.PickleWrapper,io.cucumber.testng.FeatureWrapper)[pri:0, instance:com.mindtree.runner.BigSmall@6392827e]" started-at="2021-11-22T15:28:47 GMT+05:30" name="runScenario" description="Runs Cucumber Scenarios" data-provider="scenarios" finished-at="2021-11-22T15:28:57 GMT+05:30" duration-ms="9881" status="PASS">
          <params>
            <param index="0">
              <value>
                <![CDATA["Exploring the AllOfIt section of the Web site"]]>
              </value>
            </param>
            <param index="1">
              <value>
                <![CDATA["Optional[Explore]"]]>
              </value>
            </param>
          </params>
          <reporter-output>
          </reporter-output>
        </test-method> <!-- runScenario -->
        <test-method signature="runScenario(io.cucumber.testng.PickleWrapper,io.cucumber.testng.FeatureWrapper)[pri:0, instance:com.mindtree.runner.BigSmall@6392827e]" started-at="2021-11-22T15:29:03 GMT+05:30" name="runScenario" description="Runs Cucumber Scenarios" data-provider="scenarios" finished-at="2021-11-22T15:29:12 GMT+05:30" duration-ms="8556" status="PASS">
          <params>
            <param index="0">
              <value>
                <![CDATA["Checking the Wishlist"]]>
              </value>
            </param>
            <param index="1">
              <value>
                <![CDATA["Optional[WishList]"]]>
              </value>
            </param>
          </params>
          <reporter-output>
          </reporter-output>
        </test-method> <!-- runScenario -->
        <test-method signature="runScenario(io.cucumber.testng.PickleWrapper,io.cucumber.testng.FeatureWrapper)[pri:0, instance:com.mindtree.runner.BigSmall@6392827e]" started-at="2021-11-22T15:29:14 GMT+05:30" name="runScenario" description="Runs Cucumber Scenarios" data-provider="scenarios" finished-at="2021-11-22T15:29:17 GMT+05:30" duration-ms="2364" status="PASS">
          <params>
            <param index="0">
              <value>
                <![CDATA["Going to About Us section in the web page"]]>
              </value>
            </param>
            <param index="1">
              <value>
                <![CDATA["Optional[About US]"]]>
              </value>
            </param>
          </params>
          <reporter-output>
          </reporter-output>
        </test-method> <!-- runScenario -->
        <test-method signature="runScenario(io.cucumber.testng.PickleWrapper,io.cucumber.testng.FeatureWrapper)[pri:0, instance:com.mindtree.runner.BigSmall@6392827e]" started-at="2021-11-22T15:29:22 GMT+05:30" name="runScenario" description="Runs Cucumber Scenarios" data-provider="scenarios" finished-at="2021-11-22T15:29:32 GMT+05:30" duration-ms="10165" status="PASS">
          <params>
            <param index="0">
              <value>
                <![CDATA["Adding the Gift Card"]]>
              </value>
            </param>
            <param index="1">
              <value>
                <![CDATA["Optional[Gidt Card]"]]>
              </value>
            </param>
          </params>
          <reporter-output>
          </reporter-output>
        </test-method> <!-- runScenario -->
        <test-method signature="runScenario(io.cucumber.testng.PickleWrapper,io.cucumber.testng.FeatureWrapper)[pri:0, instance:com.mindtree.runner.BigSmall@6392827e]" started-at="2021-11-22T15:29:36 GMT+05:30" name="runScenario" description="Runs Cucumber Scenarios" data-provider="scenarios" finished-at="2021-11-22T15:29:48 GMT+05:30" duration-ms="11592" status="PASS">
          <params>
            <param index="0">
              <value>
                <![CDATA["Testing the Contact us"]]>
              </value>
            </param>
            <param index="1">
              <value>
                <![CDATA["Optional[Contact Us]"]]>
              </value>
            </param>
          </params>
          <reporter-output>
          </reporter-output>
        </test-method> <!-- runScenario -->
        <test-method is-config="true" signature="tearDownClass()[pri:0, instance:com.mindtree.runner.BigSmall@6392827e]" started-at="2021-11-22T15:29:52 GMT+05:30" name="tearDownClass" finished-at="2021-11-22T15:29:52 GMT+05:30" duration-ms="9" status="PASS">
          <reporter-output>
          </reporter-output>
        </test-method> <!-- tearDownClass -->
      </class> <!-- com.mindtree.runner.BigSmall -->
    </test> <!-- Test -->
  </suite> <!-- Suite -->
</testng-results>
